d:\编程能力学习\三阶段\imserver\x64\debug\vc142.pdb
d:\编程能力学习\三阶段\imserver\x64\debug\vc142.idb
d:\编程能力学习\三阶段\imserver\x64\debug\udpnet.obj
d:\编程能力学习\三阶段\imserver\x64\debug\tcpservernet.obj
d:\编程能力学习\三阶段\imserver\x64\debug\tcpclientnet.obj
d:\编程能力学习\三阶段\imserver\x64\debug\cmysql.obj
d:\编程能力学习\三阶段\imserver\x64\debug\udpmediator.obj
d:\编程能力学习\三阶段\imserver\x64\debug\tcpservermediator.obj
d:\编程能力学习\三阶段\imserver\x64\debug\tcpclientmediator.obj
d:\编程能力学习\三阶段\imserver\x64\debug\imsever.obj
d:\编程能力学习\三阶段\imserver\x64\debug\ckernel.obj
d:\编程能力学习\三阶段\imserver\x64\debug\imserver.ilk
d:\编程能力学习\三阶段\imserver\x64\debug\imserver.exe
d:\编程能力学习\三阶段\imserver\x64\debug\imserver.pdb
d:\编程能力学习\三阶段\imserver\x64\debug\imserver.tlog\cl.command.1.tlog
d:\编程能力学习\三阶段\imserver\x64\debug\imserver.tlog\cl.read.1.tlog
d:\编程能力学习\三阶段\imserver\x64\debug\imserver.tlog\cl.write.1.tlog
d:\编程能力学习\三阶段\imserver\x64\debug\imserver.tlog\link.command.1.tlog
d:\编程能力学习\三阶段\imserver\x64\debug\imserver.tlog\link.read.1.tlog
d:\编程能力学习\三阶段\imserver\x64\debug\imserver.tlog\link.write.1.tlog
